mode: set
github.com/FrizkyErlang/bookings/internal/handlers/handlers.go:33.62,38.2 1 1
github.com/FrizkyErlang/bookings/internal/handlers/handlers.go:41.51,46.2 1 1
github.com/FrizkyErlang/bookings/internal/handlers/handlers.go:49.33,51.2 1 1
github.com/FrizkyErlang/bookings/internal/handlers/handlers.go:53.67,55.2 1 1
github.com/FrizkyErlang/bookings/internal/handlers/handlers.go:57.68,69.2 1 1
github.com/FrizkyErlang/bookings/internal/handlers/handlers.go:71.74,73.9 2 1
github.com/FrizkyErlang/bookings/internal/handlers/handlers.go:73.9,78.3 4 1
github.com/FrizkyErlang/bookings/internal/handlers/handlers.go:80.2,81.16 2 1
github.com/FrizkyErlang/bookings/internal/handlers/handlers.go:81.16,86.3 4 1
github.com/FrizkyErlang/bookings/internal/handlers/handlers.go:88.2,106.4 10 1
github.com/FrizkyErlang/bookings/internal/handlers/handlers.go:109.78,111.9 2 1
github.com/FrizkyErlang/bookings/internal/handlers/handlers.go:111.9,116.3 4 1
github.com/FrizkyErlang/bookings/internal/handlers/handlers.go:118.2,119.16 2 1
github.com/FrizkyErlang/bookings/internal/handlers/handlers.go:119.16,124.3 4 1
github.com/FrizkyErlang/bookings/internal/handlers/handlers.go:126.2,139.19 10 1
github.com/FrizkyErlang/bookings/internal/handlers/handlers.go:139.19,148.3 5 1
github.com/FrizkyErlang/bookings/internal/handlers/handlers.go:150.2,151.16 2 1
github.com/FrizkyErlang/bookings/internal/handlers/handlers.go:151.16,156.3 4 1
github.com/FrizkyErlang/bookings/internal/handlers/handlers.go:158.2,167.16 3 1
github.com/FrizkyErlang/bookings/internal/handlers/handlers.go:167.16,172.3 4 1
github.com/FrizkyErlang/bookings/internal/handlers/handlers.go:175.2,222.66 8 1
github.com/FrizkyErlang/bookings/internal/handlers/handlers.go:225.71,227.2 1 1
github.com/FrizkyErlang/bookings/internal/handlers/handlers.go:229.69,231.2 1 1
github.com/FrizkyErlang/bookings/internal/handlers/handlers.go:233.75,235.2 1 1
github.com/FrizkyErlang/bookings/internal/handlers/handlers.go:237.79,239.16 2 1
github.com/FrizkyErlang/bookings/internal/handlers/handlers.go:239.16,244.3 4 1
github.com/FrizkyErlang/bookings/internal/handlers/handlers.go:246.2,251.16 5 1
github.com/FrizkyErlang/bookings/internal/handlers/handlers.go:251.16,256.3 4 1
github.com/FrizkyErlang/bookings/internal/handlers/handlers.go:257.2,258.16 2 1
github.com/FrizkyErlang/bookings/internal/handlers/handlers.go:258.16,263.3 4 1
github.com/FrizkyErlang/bookings/internal/handlers/handlers.go:265.2,266.16 2 1
github.com/FrizkyErlang/bookings/internal/handlers/handlers.go:266.16,271.3 4 1
github.com/FrizkyErlang/bookings/internal/handlers/handlers.go:273.2,273.21 1 1
github.com/FrizkyErlang/bookings/internal/handlers/handlers.go:273.21,278.3 3 1
github.com/FrizkyErlang/bookings/internal/handlers/handlers.go:280.2,292.4 5 1
github.com/FrizkyErlang/bookings/internal/handlers/handlers.go:303.79,306.16 2 1
github.com/FrizkyErlang/bookings/internal/handlers/handlers.go:306.16,315.3 5 1
github.com/FrizkyErlang/bookings/internal/handlers/handlers.go:317.2,327.16 8 1
github.com/FrizkyErlang/bookings/internal/handlers/handlers.go:327.16,336.3 5 1
github.com/FrizkyErlang/bookings/internal/handlers/handlers.go:338.2,349.14 4 1
github.com/FrizkyErlang/bookings/internal/handlers/handlers.go:352.70,354.2 1 1
github.com/FrizkyErlang/bookings/internal/handlers/handlers.go:357.81,359.9 2 1
github.com/FrizkyErlang/bookings/internal/handlers/handlers.go:359.9,364.3 4 1
github.com/FrizkyErlang/bookings/internal/handlers/handlers.go:366.2,381.4 9 1
github.com/FrizkyErlang/bookings/internal/handlers/handlers.go:385.73,387.16 2 1
github.com/FrizkyErlang/bookings/internal/handlers/handlers.go:387.16,392.3 4 1
github.com/FrizkyErlang/bookings/internal/handlers/handlers.go:394.2,395.9 2 1
github.com/FrizkyErlang/bookings/internal/handlers/handlers.go:395.9,400.3 4 1
github.com/FrizkyErlang/bookings/internal/handlers/handlers.go:401.2,405.63 3 1
github.com/FrizkyErlang/bookings/internal/handlers/handlers.go:409.71,419.16 8 1
github.com/FrizkyErlang/bookings/internal/handlers/handlers.go:419.16,424.3 4 1
github.com/FrizkyErlang/bookings/internal/handlers/handlers.go:426.2,435.63 7 1
github.com/FrizkyErlang/bookings/internal/handlers/handlers.go:439.72,443.2 1 1
github.com/FrizkyErlang/bookings/internal/handlers/handlers.go:446.76,450.16 3 1
github.com/FrizkyErlang/bookings/internal/handlers/handlers.go:450.16,455.3 4 0
github.com/FrizkyErlang/bookings/internal/handlers/handlers.go:457.2,460.19 4 1
github.com/FrizkyErlang/bookings/internal/handlers/handlers.go:460.19,465.3 2 1
github.com/FrizkyErlang/bookings/internal/handlers/handlers.go:467.2,471.16 4 1
github.com/FrizkyErlang/bookings/internal/handlers/handlers.go:471.16,476.3 4 1
github.com/FrizkyErlang/bookings/internal/handlers/handlers.go:478.2,480.47 3 1
github.com/FrizkyErlang/bookings/internal/handlers/handlers.go:484.69,488.2 3 1
github.com/FrizkyErlang/bookings/internal/handlers/handlers.go:490.77,492.2 1 1
github.com/FrizkyErlang/bookings/internal/handlers/handlers.go:495.83,497.16 2 1
github.com/FrizkyErlang/bookings/internal/handlers/handlers.go:497.16,500.3 2 0
github.com/FrizkyErlang/bookings/internal/handlers/handlers.go:502.2,507.4 3 1
github.com/FrizkyErlang/bookings/internal/handlers/handlers.go:511.83,513.16 2 1
github.com/FrizkyErlang/bookings/internal/handlers/handlers.go:513.16,516.3 2 0
github.com/FrizkyErlang/bookings/internal/handlers/handlers.go:518.2,523.4 3 1
github.com/FrizkyErlang/bookings/internal/handlers/handlers.go:527.83,531.16 3 1
github.com/FrizkyErlang/bookings/internal/handlers/handlers.go:531.16,534.3 2 0
github.com/FrizkyErlang/bookings/internal/handlers/handlers.go:536.2,549.16 9 1
github.com/FrizkyErlang/bookings/internal/handlers/handlers.go:549.16,552.3 2 0
github.com/FrizkyErlang/bookings/internal/handlers/handlers.go:554.2,561.4 3 1
github.com/FrizkyErlang/bookings/internal/handlers/handlers.go:565.88,569.34 2 0
github.com/FrizkyErlang/bookings/internal/handlers/handlers.go:569.34,574.3 3 0
github.com/FrizkyErlang/bookings/internal/handlers/handlers.go:576.2,607.16 23 0
github.com/FrizkyErlang/bookings/internal/handlers/handlers.go:607.16,610.3 2 0
github.com/FrizkyErlang/bookings/internal/handlers/handlers.go:612.2,614.26 2 0
github.com/FrizkyErlang/bookings/internal/handlers/handlers.go:614.26,619.72 3 0
github.com/FrizkyErlang/bookings/internal/handlers/handlers.go:619.72,622.4 2 0
github.com/FrizkyErlang/bookings/internal/handlers/handlers.go:625.3,626.17 2 0
github.com/FrizkyErlang/bookings/internal/handlers/handlers.go:626.17,629.4 2 0
github.com/FrizkyErlang/bookings/internal/handlers/handlers.go:631.3,631.34 1 0
github.com/FrizkyErlang/bookings/internal/handlers/handlers.go:631.34,632.27 1 0
github.com/FrizkyErlang/bookings/internal/handlers/handlers.go:632.27,634.71 1 0
github.com/FrizkyErlang/bookings/internal/handlers/handlers.go:634.71,636.6 1 0
github.com/FrizkyErlang/bookings/internal/handlers/handlers.go:637.10,639.71 1 0
github.com/FrizkyErlang/bookings/internal/handlers/handlers.go:639.71,641.6 1 0
github.com/FrizkyErlang/bookings/internal/handlers/handlers.go:645.3,648.78 3 0
github.com/FrizkyErlang/bookings/internal/handlers/handlers.go:651.2,655.4 1 0
github.com/FrizkyErlang/bookings/internal/handlers/handlers.go:659.87,661.16 2 0
github.com/FrizkyErlang/bookings/internal/handlers/handlers.go:661.16,664.3 2 0
github.com/FrizkyErlang/bookings/internal/handlers/handlers.go:666.2,669.16 3 0
github.com/FrizkyErlang/bookings/internal/handlers/handlers.go:669.16,672.3 2 0
github.com/FrizkyErlang/bookings/internal/handlers/handlers.go:674.2,681.16 5 0
github.com/FrizkyErlang/bookings/internal/handlers/handlers.go:681.16,684.3 2 0
github.com/FrizkyErlang/bookings/internal/handlers/handlers.go:686.2,692.16 6 0
github.com/FrizkyErlang/bookings/internal/handlers/handlers.go:692.16,695.3 2 0
github.com/FrizkyErlang/bookings/internal/handlers/handlers.go:697.2,702.16 4 0
github.com/FrizkyErlang/bookings/internal/handlers/handlers.go:702.16,704.3 1 0
github.com/FrizkyErlang/bookings/internal/handlers/handlers.go:704.8,706.3 1 0
github.com/FrizkyErlang/bookings/internal/handlers/handlers.go:710.86,721.16 7 0
github.com/FrizkyErlang/bookings/internal/handlers/handlers.go:721.16,723.3 1 0
github.com/FrizkyErlang/bookings/internal/handlers/handlers.go:723.8,725.3 1 0
github.com/FrizkyErlang/bookings/internal/handlers/handlers.go:729.85,740.16 7 0
github.com/FrizkyErlang/bookings/internal/handlers/handlers.go:740.16,742.3 1 0
github.com/FrizkyErlang/bookings/internal/handlers/handlers.go:742.8,744.3 1 0
github.com/FrizkyErlang/bookings/internal/handlers/handlers.go:748.92,750.16 2 0
github.com/FrizkyErlang/bookings/internal/handlers/handlers.go:750.16,753.3 2 0
github.com/FrizkyErlang/bookings/internal/handlers/handlers.go:755.2,760.16 4 0
github.com/FrizkyErlang/bookings/internal/handlers/handlers.go:760.16,763.3 2 0
github.com/FrizkyErlang/bookings/internal/handlers/handlers.go:765.2,767.26 2 0
github.com/FrizkyErlang/bookings/internal/handlers/handlers.go:767.26,771.35 2 0
github.com/FrizkyErlang/bookings/internal/handlers/handlers.go:771.35,773.35 1 0
github.com/FrizkyErlang/bookings/internal/handlers/handlers.go:773.35,776.16 1 0
github.com/FrizkyErlang/bookings/internal/handlers/handlers.go:776.16,777.66 1 0
github.com/FrizkyErlang/bookings/internal/handlers/handlers.go:777.66,780.21 2 0
github.com/FrizkyErlang/bookings/internal/handlers/handlers.go:780.21,782.8 1 0
github.com/FrizkyErlang/bookings/internal/handlers/handlers.go:790.2,790.31 1 0
github.com/FrizkyErlang/bookings/internal/handlers/handlers.go:790.31,791.43 1 0
github.com/FrizkyErlang/bookings/internal/handlers/handlers.go:791.43,797.18 5 0
github.com/FrizkyErlang/bookings/internal/handlers/handlers.go:797.18,799.5 1 0
github.com/FrizkyErlang/bookings/internal/handlers/handlers.go:803.2,804.110 2 0
